{
  "uid" : "4dc1f7d430f2ddcf",
  "name" : "test_failure",
  "fullName" : "test_allure#test_failure",
  "historyId" : "b2873979f94e50b7249573af844598f1",
  "time" : {
    "start" : 1612327930722,
    "stop" : 1612327930722,
    "duration" : 0
  },
  "description" : "this test fails",
  "descriptionHtml" : "<p>this test fails</p>\n",
  "status" : "failed",
  "statusMessage" : "AssertionError: assert False",
  "statusTrace" : "def test_failure():\n        \"\"\"this test fails\"\"\"\n>       assert False\nE       assert False\n\ntest_allure.py:10: AssertionError",
  "flaky" : false,
  "beforeStages" : [ ],
  "afterStages" : [ ],
  "labels" : [ {
    "name" : "suite",
    "value" : "test_allure"
  }, {
    "name" : "host",
    "value" : "carolineyuandeMacBook-Pro.local"
  }, {
    "name" : "thread",
    "value" : "3275-MainThread"
  }, {
    "name" : "framework",
    "value" : "pytest"
  }, {
    "name" : "language",
    "value" : "cpython3"
  }, {
    "name" : "package",
    "value" : "test_allure"
  }, {
    "name" : "resultFormat",
    "value" : "allure2"
  } ],
  "parameters" : [ ],
  "links" : [ ],
  "hidden" : true,
  "retry" : true,
  "extra" : {
    "categories" : [ ],
    "tags" : [ ]
  },
  "source" : "4dc1f7d430f2ddcf.json",
  "parameterValues" : [ ]
}