{
  "uid" : "eeb994ec93d174a9",
  "name" : "test_failure",
  "fullName" : "test_allure#test_failure",
  "historyId" : "b2873979f94e50b7249573af844598f1",
  "time" : {
    "start" : 1612412064551,
    "stop" : 1612412064552,
    "duration" : 1
  },
  "description" : "this test fails",
  "descriptionHtml" : "<p>this test fails</p>\n",
  "status" : "failed",
  "statusMessage" : "AssertionError: assert False",
  "statusTrace" : "def test_failure():\n        \"\"\"this test fails\"\"\"\n>       assert False\nE       assert False\n\ntest_allure.py:10: AssertionError",
  "flaky" : true,
  "beforeStages" : [ ],
  "afterStages" : [ ],
  "labels" : [ {
    "name" : "suite",
    "value" : "test_allure"
  }, {
    "name" : "host",
    "value" : "carolineyuandeMacBook-Pro.local"
  }, {
    "name" : "thread",
    "value" : "94837-MainThread"
  }, {
    "name" : "framework",
    "value" : "pytest"
  }, {
    "name" : "language",
    "value" : "cpython3"
  }, {
    "name" : "package",
    "value" : "test_allure"
  }, {
    "name" : "resultFormat",
    "value" : "allure2"
  } ],
  "parameters" : [ ],
  "links" : [ ],
  "hidden" : false,
  "retry" : false,
  "extra" : {
    "severity" : "normal",
    "retries" : [ {
      "uid" : "28993a8fe6394712",
      "status" : "failed",
      "statusDetails" : "AssertionError: assert False",
      "time" : {
        "start" : 1612328040030,
        "stop" : 1612328040030,
        "duration" : 0
      }
    }, {
      "uid" : "3516cbdc9f8ebbd",
      "status" : "failed",
      "statusDetails" : "AssertionError: assert False",
      "time" : {
        "start" : 1612327930722,
        "stop" : 1612327930722,
        "duration" : 0
      }
    } ],
    "categories" : [ {
      "name" : "Product defects",
      "matchedStatuses" : [ ],
      "flaky" : false
    } ],
    "tags" : [ ]
  },
  "source" : "eeb994ec93d174a9.json",
  "parameterValues" : [ ]
}